[codervent.com/shopingo/demo/shopingo_V1/index.html]
[codervent.com/shopingo/demo/shopingo_V1/assets/images/favicon-32x32.webp]
[codervent.com/shopingo/demo/shopingo_V1/assets/css/bootstrap.min.css]
[cdn.jsdelivr.net/npm/bootstrap-icons@1.7.2/font/bootstrap-icons.css]
[codervent.com/shopingo/demo/shopingo_V1/assets/plugins/slick/slick.css]
[codervent.com/shopingo/demo/shopingo_V1/assets/plugins/slick/slick-theme.css]
[codervent.com/shopingo/demo/shopingo_V1/assets/css/style.css]
[codervent.com/shopingo/demo/shopingo_V1/assets/css/dark-theme.css]
[backblue.gif]
[fade.gif]
[index.html]
[codervent.com/shopingo/demo/shopingo_V1/assets/images/logo.webp]
[codervent.com/shopingo/demo/shopingo_V1/assets/images/menu-img.webp]
[codervent.com/shopingo/demo/shopingo_V1/cart.html]
[codervent.com/shopingo/demo/shopingo_V1/wishlist.html]
[codervent.com/shopingo/demo/shopingo_V1/product-details.html]
[codervent.com/shopingo/demo/shopingo_V1/payment-method.html]
[codervent.com/shopingo/demo/shopingo_V1/billing-details.html]
[codervent.com/shopingo/demo/shopingo_V1/address.html]
[codervent.com/shopingo/demo/shopingo_V1/shop-grid.html]
[codervent.com/shopingo/demo/shopingo_V1/shop-grid-type-4.html]
[codervent.com/shopingo/demo/shopingo_V1/shop-grid-type-5.html]
[codervent.com/shopingo/demo/shopingo_V1/search.html]
[codervent.com/shopingo/demo/shopingo_V1/about-us.html]
[codervent.com/shopingo/demo/shopingo_V1/contact-us.html]
[codervent.com/shopingo/demo/shopingo_V1/account-dashboard.html]
[codervent.com/shopingo/demo/shopingo_V1/account-orders.html]
[codervent.com/shopingo/demo/shopingo_V1/account-profile.html]
[codervent.com/shopingo/demo/shopingo_V1/account-edit-profile.html]
[codervent.com/shopingo/demo/shopingo_V1/account-saved-address.html]
[codervent.com/shopingo/demo/shopingo_V1/authentication-login.html]
[codervent.com/shopingo/demo/shopingo_V1/authentication-register.html]
[codervent.com/shopingo/demo/shopingo_V1/authentication-reset-password.html]
[codervent.com/shopingo/demo/shopingo_V1/blog-post.html]
[codervent.com/shopingo/demo/shopingo_V1/blog-read.html]
[codervent.com/shopingo/demo/shopingo_V1/assets/images/sliders/s_1.webp]
[codervent.com/shopingo/demo/shopingo_V1/assets/images/sliders/s_2.webp]
[codervent.com/shopingo/demo/shopingo_V1/assets/images/sliders/s_3.webp]
[codervent.com/shopingo/demo/shopingo_V1/assets/images/sliders/s_4.webp]
[codervent.com/shopingo/demo/shopingo_V1/assets/images/sliders/s_5.webp]
[codervent.com/shopingo/demo/shopingo_V1/assets/images/featured-products/01.webp]
[codervent.com/shopingo/demo/shopingo_V1/assets/images/featured-products/02.webp]
[codervent.com/shopingo/demo/shopingo_V1/assets/images/featured-products/03.webp]
[codervent.com/shopingo/demo/shopingo_V1/assets/images/featured-products/04.webp]
[codervent.com/shopingo/demo/shopingo_V1/assets/images/featured-products/05.webp]
[codervent.com/shopingo/demo/shopingo_V1/assets/images/featured-products/06.webp]
[codervent.com/shopingo/demo/shopingo_V1/assets/images/featured-products/07.webp]
[codervent.com/shopingo/demo/shopingo_V1/assets/images/featured-products/08.webp]
[codervent.com/shopingo/demo/shopingo_V1/assets/images/new-arrival/01.webp]
[codervent.com/shopingo/demo/shopingo_V1/assets/images/new-arrival/02.webp]
[codervent.com/shopingo/demo/shopingo_V1/assets/images/new-arrival/03.webp]
[codervent.com/shopingo/demo/shopingo_V1/assets/images/new-arrival/04.webp]
[codervent.com/shopingo/demo/shopingo_V1/assets/images/new-arrival/05.webp]
[codervent.com/shopingo/demo/shopingo_V1/assets/images/new-arrival/06.webp]
[codervent.com/shopingo/demo/shopingo_V1/assets/images/new-arrival/07.webp]
[codervent.com/shopingo/demo/shopingo_V1/assets/images/new-arrival/08.webp]
[codervent.com/shopingo/demo/shopingo_V1/assets/images/new-arrival/09.webp]
[codervent.com/shopingo/demo/shopingo_V1/assets/images/new-arrival/10.webp]
[codervent.com/shopingo/demo/shopingo_V1/assets/images/best-sellar/01.webp]
[codervent.com/shopingo/demo/shopingo_V1/assets/images/best-sellar/02.webp]
[codervent.com/shopingo/demo/shopingo_V1/assets/images/best-sellar/03.webp]
[codervent.com/shopingo/demo/shopingo_V1/assets/images/best-sellar/04.webp]
[codervent.com/shopingo/demo/shopingo_V1/assets/images/best-sellar/05.webp]
[codervent.com/shopingo/demo/shopingo_V1/assets/images/trending-product/01.webp]
[codervent.com/shopingo/demo/shopingo_V1/assets/images/trending-product/02.webp]
[codervent.com/shopingo/demo/shopingo_V1/assets/images/trending-product/03.webp]
[codervent.com/shopingo/demo/shopingo_V1/assets/images/trending-product/04.webp]
[codervent.com/shopingo/demo/shopingo_V1/assets/images/trending-product/05.webp]
[codervent.com/shopingo/demo/shopingo_V1/assets/images/special-offer/01.webp]
[codervent.com/shopingo/demo/shopingo_V1/assets/images/special-offer/02.webp]
[codervent.com/shopingo/demo/shopingo_V1/assets/images/special-offer/03.webp]
[codervent.com/shopingo/demo/shopingo_V1/assets/images/special-offer/04.webp]
[codervent.com/shopingo/demo/shopingo_V1/assets/images/special-offer/05.webp]
[codervent.com/shopingo/demo/shopingo_V1/assets/images/extra-images/promo-large.webp]
[codervent.com/shopingo/demo/shopingo_V1/assets/images/brands/01.webp]
[codervent.com/shopingo/demo/shopingo_V1/assets/images/brands/02.webp]
[codervent.com/shopingo/demo/shopingo_V1/assets/images/brands/03.webp]
[codervent.com/shopingo/demo/shopingo_V1/assets/images/brands/04.webp]
[codervent.com/shopingo/demo/shopingo_V1/assets/images/brands/05.webp]
[codervent.com/shopingo/demo/shopingo_V1/assets/images/brands/06.webp]
[codervent.com/shopingo/demo/shopingo_V1/assets/images/brands/07.webp]
[codervent.com/shopingo/demo/shopingo_V1/assets/images/brands/08.webp]
[codervent.com/shopingo/demo/shopingo_V1/assets/images/brands/09.webp]
[codervent.com/shopingo/demo/shopingo_V1/assets/images/brands/10.webp]
[codervent.com/shopingo/demo/shopingo_V1/assets/images/categories/01.webp]
[codervent.com/shopingo/demo/shopingo_V1/assets/images/categories/02.webp]
[codervent.com/shopingo/demo/shopingo_V1/assets/images/categories/03.webp]
[codervent.com/shopingo/demo/shopingo_V1/assets/images/categories/04.webp]
[codervent.com/shopingo/demo/shopingo_V1/assets/images/categories/05.webp]
[codervent.com/shopingo/demo/shopingo_V1/assets/images/categories/06.webp]
[codervent.com/shopingo/demo/shopingo_V1/assets/images/blog/01.webp]
[codervent.com/shopingo/demo/shopingo_V1/assets/images/blog/02.webp]
[codervent.com/shopingo/demo/shopingo_V1/assets/images/blog/03.webp]
[codervent.com/shopingo/demo/shopingo_V1/assets/images/play-store.webp]
[codervent.com/shopingo/demo/shopingo_V1/assets/images/apple-store.webp]
[codervent.com/shopingo/demo/shopingo_V1/assets/images/product-images/01.jpg]
[codervent.com/shopingo/demo/shopingo_V1/assets/images/product-images/02.jpg]
[codervent.com/shopingo/demo/shopingo_V1/assets/images/product-images/03.jpg]
[codervent.com/shopingo/demo/shopingo_V1/assets/images/product-images/04.jpg]
[codervent.com/shopingo/demo/shopingo_V1/assets/js/bootstrap.bundle.min.js]
[codervent.com/shopingo/demo/shopingo_V1/assets/js/jquery.min.js]
[codervent.com/shopingo/demo/shopingo_V1/assets/plugins/slick/slick.min.js]
[codervent.com/shopingo/demo/shopingo_V1/assets/js/main.js]
[codervent.com/shopingo/demo/shopingo_V1/assets/js/index.js]
[codervent.com/shopingo/demo/shopingo_V1/assets/js/loader.js]
[codervent.com/shopingo/demo/shopingo_V1/index.html]
[codervent.com/shopingo/demo/shopingo_V1/assets/css/bootstrap.min.css]
[cdn.jsdelivr.net/npm/bootstrap-icons@1.7.2/font/fonts/bootstrap-iconsf114.woff2]
[cdn.jsdelivr.net/npm/bootstrap-icons@1.7.2/font/fonts/bootstrap-iconsf114.woff]
[cdn.jsdelivr.net/npm/bootstrap-icons@1.7.2/font/bootstrap-icons.css]
[codervent.com/shopingo/demo/shopingo_V1/assets/plugins/slick/slick.css]
[codervent.com/shopingo/demo/shopingo_V1/assets/plugins/slick/ajax-loader.gif]
[codervent.com/shopingo/demo/shopingo_V1/assets/plugins/slick/fonts/slick.eot]
[codervent.com/shopingo/demo/shopingo_V1/assets/plugins/slick/fonts/slickd41d.eot]
[codervent.com/shopingo/demo/shopingo_V1/assets/plugins/slick/fonts/slick.woff]
[codervent.com/shopingo/demo/shopingo_V1/assets/plugins/slick/fonts/slick.ttf]
[codervent.com/shopingo/demo/shopingo_V1/assets/plugins/slick/slick-theme.css]
[images.pexels.com/photos/5864245/pexels-photo-58642457874.jpg]
[codervent.com/shopingo/demo/shopingo_V1/assets/css/style.css]
[codervent.com/shopingo/demo/shopingo_V1/assets/css/dark-theme.css]
[codervent.com/shopingo/demo/shopingo_V1/tv-shows.html]
[codervent.com/shopingo/demo/shopingo_V1/cart.html]
[codervent.com/shopingo/demo/shopingo_V1/wishlist.html]
[cdn.jsdelivr.net/npm/@fancyapps/ui/dist/fancybox.css]
[codervent.com/shopingo/demo/shopingo_V1/assets/images/product-images/05.jpg]
[codervent.com/shopingo/demo/shopingo_V1/assets/images/product-images/06.jpg]
[codervent.com/shopingo/demo/shopingo_V1/assets/images/product-images/07.jpg]
[codervent.com/shopingo/demo/shopingo_V1/assets/images/product-images/08.jpg]
[codervent.com/shopingo/demo/shopingo_V1/product-details.html]
[cdn.jsdelivr.net/npm/@fancyapps/ui@4.0/dist/fancybox.umd.js]
[codervent.com/shopingo/demo/shopingo_V1/payment-method.html]
[codervent.com/shopingo/demo/shopingo_V1/billing-details.html]
[codervent.com/shopingo/demo/shopingo_V1/address.html]
[codervent.com/shopingo/demo/shopingo_V1/shop-grid.html]
[codervent.com/shopingo/demo/shopingo_V1/shop-grid-type-4.html]
[codervent.com/shopingo/demo/shopingo_V1/shop-grid-type-5.html]
[codervent.com/shopingo/demo/shopingo_V1/search.html]
[images.pexels.com/photos/7679877/pexels-photo-76798777874.jpg]
[codervent.com/shopingo/demo/shopingo_V1/assets/images/icons/delivery.webp]
[codervent.com/shopingo/demo/shopingo_V1/assets/images/icons/money-bag.webp]
[codervent.com/shopingo/demo/shopingo_V1/assets/images/icons/support.webp]
[codervent.com/shopingo/demo/shopingo_V1/about-us.html]
[codervent.com/shopingo/demo/shopingo_V1/thank-you.html]
[codervent.com/shopingo/demo/shopingo_V1/contact-us.html]
[codervent.com/shopingo/demo/shopingo_V1/account-dashboard.html]
[codervent.com/shopingo/demo/shopingo_V1/account-orders.html]
[codervent.com/shopingo/demo/shopingo_V1/account-profile.html]
[codervent.com/shopingo/demo/shopingo_V1/account-edit-profile.html]
[codervent.com/shopingo/demo/shopingo_V1/account-saved-address.html]
[codervent.com/shopingo/demo/shopingo_V1/authentication-login.html]
[codervent.com/shopingo/demo/shopingo_V1/authentication-register.html]
[codervent.com/shopingo/demo/shopingo_V1/authentication-reset-password.html]
[codervent.com/shopingo/demo/shopingo_V1/blog-post.html]
[codervent.com/shopingo/demo/shopingo_V1/blog-read.html]
[codervent.com/shopingo/demo/shopingo_V1/assets/plugins/slick/fonts/slick.svg]
[cdn.jsdelivr.net/npm/@fancyapps/ui/dist/fancybox.css]
[codervent.com/shopingo/demo/shopingo_V1/thank-you.html]
[codervent.com/shopingo/demo/shopingo_V1/assets/images/avatars/01.html]
